09/20/2022 20:39:52 - INFO - root - [utils.py:13] - torch.cuda.is_available True
09/20/2022 20:39:52 - INFO - root - [train.py:133] - no_cuda False
09/20/2022 20:39:52 - INFO - root - [train.py:134] - device: cuda, n_gpu: 1
09/20/2022 20:39:52 - INFO - root - [utils.py:29] - Set random seed to 0
09/20/2022 20:40:03 - INFO - root - [utils.py:33] - ***** Setting up tokenizer *****

09/20/2022 20:40:03 - INFO - root - [utils.py:42] - Loading bert-base-chinese tokenizer
09/20/2022 20:47:39 - INFO - root - [train.py:118] - global loss at epoch 1: 0.5518373281027487
09/20/2022 20:47:39 - INFO - root - [train.py:119] - Start Evaluation at epoch 1
09/20/2022 20:49:53 - INFO - root - [train.py:124] - train loss: 0.44608741525807116
09/20/2022 20:49:53 - INFO - root - [train.py:125] - train acc: 0.7636744976043701
09/20/2022 20:49:53 - INFO - root - [train.py:126] - dev loss: 0.5175080398166622
09/20/2022 20:49:53 - INFO - root - [train.py:127] - dev acc: 0.7254402041435242
09/20/2022 20:57:09 - INFO - root - [train.py:118] - global loss at epoch 2: 0.46470847449509317
09/20/2022 20:57:09 - INFO - root - [train.py:119] - Start Evaluation at epoch 2
09/20/2022 20:59:22 - INFO - root - [train.py:124] - train loss: 0.35421538221036175
09/20/2022 20:59:22 - INFO - root - [train.py:125] - train acc: 0.836808979511261
09/20/2022 20:59:22 - INFO - root - [train.py:126] - dev loss: 0.5219658193764863
09/20/2022 20:59:22 - INFO - root - [train.py:127] - dev acc: 0.7157089710235596
09/20/2022 21:06:40 - INFO - root - [train.py:118] - global loss at epoch 3: 0.38429652835621747
09/20/2022 21:06:40 - INFO - root - [train.py:119] - Start Evaluation at epoch 3
09/20/2022 21:08:55 - INFO - root - [train.py:124] - train loss: 0.25550229605964325
09/20/2022 21:08:55 - INFO - root - [train.py:125] - train acc: 0.8993417620658875
09/20/2022 21:08:55 - INFO - root - [train.py:126] - dev loss: 0.5599772030556643
09/20/2022 21:08:55 - INFO - root - [train.py:127] - dev acc: 0.7316960096359253
09/20/2022 21:16:08 - INFO - root - [train.py:118] - global loss at epoch 4: 0.30620145828455325
09/20/2022 21:16:08 - INFO - root - [train.py:119] - Start Evaluation at epoch 4
09/20/2022 21:18:22 - INFO - root - [train.py:124] - train loss: 0.17596878863798188
09/20/2022 21:18:22 - INFO - root - [train.py:125] - train acc: 0.9401176571846008
09/20/2022 21:18:22 - INFO - root - [train.py:126] - dev loss: 0.6030199303119271
09/20/2022 21:18:22 - INFO - root - [train.py:127] - dev acc: 0.7377201318740845
09/20/2022 21:25:34 - INFO - root - [train.py:118] - global loss at epoch 5: 0.23623487643614577
09/20/2022 21:25:34 - INFO - root - [train.py:119] - Start Evaluation at epoch 5
09/20/2022 21:27:47 - INFO - root - [train.py:124] - train loss: 0.11196457659925498
09/20/2022 21:27:47 - INFO - root - [train.py:125] - train acc: 0.9605056047439575
09/20/2022 21:27:47 - INFO - root - [train.py:126] - dev loss: 0.7029680612738486
09/20/2022 21:27:47 - INFO - root - [train.py:127] - dev acc: 0.732159435749054
09/20/2022 21:35:00 - INFO - root - [train.py:118] - global loss at epoch 6: 0.18168022871218822
09/20/2022 21:35:00 - INFO - root - [train.py:119] - Start Evaluation at epoch 6
09/20/2022 21:37:13 - INFO - root - [train.py:124] - train loss: 0.07105831823286575
09/20/2022 21:37:13 - INFO - root - [train.py:125] - train acc: 0.9781266450881958
09/20/2022 21:37:13 - INFO - root - [train.py:126] - dev loss: 0.8258338845852349
09/20/2022 21:37:13 - INFO - root - [train.py:127] - dev acc: 0.7326228022575378
09/20/2022 21:44:27 - INFO - root - [train.py:118] - global loss at epoch 7: 0.1428515300605375
09/20/2022 21:44:27 - INFO - root - [train.py:119] - Start Evaluation at epoch 7
09/20/2022 21:46:40 - INFO - root - [train.py:124] - train loss: 0.04731010521460673
09/20/2022 21:46:40 - INFO - root - [train.py:125] - train acc: 0.9858740568161011
09/20/2022 21:46:40 - INFO - root - [train.py:126] - dev loss: 0.9167401345515692
09/20/2022 21:46:40 - INFO - root - [train.py:127] - dev acc: 0.7363299131393433
09/20/2022 21:53:54 - INFO - root - [train.py:118] - global loss at epoch 8: 0.11559245624074553
09/20/2022 21:53:54 - INFO - root - [train.py:119] - Start Evaluation at epoch 8
09/20/2022 21:56:07 - INFO - root - [train.py:124] - train loss: 0.03520039578502432
09/20/2022 21:56:07 - INFO - root - [train.py:125] - train acc: 0.991204023361206
09/20/2022 21:56:07 - INFO - root - [train.py:126] - dev loss: 0.9855512883031258
09/20/2022 21:56:07 - INFO - root - [train.py:127] - dev acc: 0.7340129613876343
09/20/2022 22:03:19 - INFO - root - [train.py:118] - global loss at epoch 9: 0.0895371120021104
09/20/2022 22:03:19 - INFO - root - [train.py:119] - Start Evaluation at epoch 9
09/20/2022 22:05:32 - INFO - root - [train.py:124] - train loss: 0.023712152549224486
09/20/2022 22:05:32 - INFO - root - [train.py:125] - train acc: 0.9941748380661011
09/20/2022 22:05:32 - INFO - root - [train.py:126] - dev loss: 1.0697376812394295
09/20/2022 22:05:32 - INFO - root - [train.py:127] - dev acc: 0.7358665466308594
09/20/2022 22:12:44 - INFO - root - [train.py:118] - global loss at epoch 10: 0.07557340963332539
09/20/2022 22:12:44 - INFO - root - [train.py:119] - Start Evaluation at epoch 10
09/20/2022 22:14:58 - INFO - root - [train.py:124] - train loss: 0.020860367969804873
09/20/2022 22:14:58 - INFO - root - [train.py:125] - train acc: 0.9950486421585083
09/20/2022 22:14:58 - INFO - root - [train.py:126] - dev loss: 1.1194751258767037
09/20/2022 22:14:58 - INFO - root - [train.py:127] - dev acc: 0.7296107411384583
